2018-09-26; 11:01:59.282 [main] INFO  eu.eidas.node.logging.integrity.HashFileChecker  - - -ERROR : Error while validating file hashes at log entry 1, get [+7ojMjYzM=], expecting [+7ojMjYzoLMYIl8lzT7mgrI2SMSs4KLUWwcVBMquKlM=] #1# [1CrPQeoWFM/fzs7DkLN1E1jhU9rz4WY30vvOBAqh1LQ=]
2018-09-26; 11:01:59.288 [main] INFO  eu.eidas.node.logging.integrity.HashFileChecker  - - -ERROR : Error while validating file hashes at log entry 1, get [+7ojMjYzoLMYIl8lzT7mgrI2SMSs4KLUWwcVBMquKlM=], expecting [ktZxTUNj4hqTMV9elNhIDkjWWbrKv891w5Otdzx+BcY=] #2# [XiISX+MXuusxlwAdSdE6Md6vBH/ANXaRUF1Zh99lZJM=]
2018-09-26; 11:01:59.291 [main] INFO  eu.eidas.node.logging.integrity.HashFileChecker  - - -ERROR : Error while validating file hashes at log entry 3, get [7Q5VvImVlLOUfEGd2qRHUVQMs4Iv9Zce1BkM3w1q2Uo=], expecting [tNsy0hBvQ/w5C2hVRgH+anOhVzoK/7TO8ceqXaBUMdE=] #3# [OPmtTAnsBxxg2CpMF6wyUniHrM6Oxbcp+336XWslemc=]
2018-09-26; 11:01:59.460 [main] WARN  eu.eidas.node.auth.AUNODEUtil SECURITY_WARNING - - -Replay attack : Checking in Eidas Node antiReplayCache for samlId SAML_ID_A !  #4# [rv54WqgrkWGKaHdLDhoiixYjciwH99jqRrttpGV9ftQ=]
2018-09-26; 11:01:59.531 [main] INFO  eu.eidas.node.auth.connector.AUCONNECTORUtil  - - -BUSINESS EXCEPTION : SP is untrustable or has an invalid QAALevel: 4 #5# [hUbVVobk8N02OcGYeRvZlVXJMsxylnGORdVszskcQEg=]
2018-09-26; 11:02:08.984 [main] WARN  eu.eidas.node.auth.AUNODEUtil SECURITY_WARNING - - -Replay attack : Checking in Eidas Node antiReplayCache for samlId SAML_ID_A !  #6# [UnrAtXozjETu6p6JJicCOmMjR3ef/3f3tm77V0PfwZ0=]
2018-09-26; 11:02:09.086 [main] INFO  eu.eidas.auth.commons.validation.AbstractParameterValidator  - - -ERROR : Invalid parameter [SAMLResponse] is blank #7# [VjBAet4ZgJbPUSmHROEMAsAa8RXSTXfuND8wep/xqIo=]
2018-09-26; 11:02:09.086 [main] WARN  eu.eidas.auth.commons.validation.AbstractParameterValidator  - - -Invalid parameter [SAMLResponse] value: "null" #8# [ymV5SU+kfG2vBDtPhsjz7ED57kxFozKG2QJTUciKoXg=]
2018-09-26; 11:02:09.770 [main] INFO  eu.eidas.auth.engine.configuration.dom.DOMConfigurator  - - -ERROR : Encryption module configuration not found. SAML Engine  'Service' in non-encryption mode! #9# [Gpa7P8E41BC8rN22eZizGECvpby726HJTpWZQwefCPg=]
2018-09-26; 11:02:09.797 [main] INFO  eu.eidas.auth.engine.configuration.dom.DOMConfigurator  - - -ERROR : Encryption module configuration not found. SAML Engine  'METADATA' in non-encryption mode! #10# [kOrPMicpoOiOZDlUns/MgcBzOM/QFJ0CJXFNVtR+1dQ=]
2018-09-26; 11:02:09.811 [main] ERROR eu.eidas.node.utils.EidasNodeMetadataGenerator  - - -BUSINESS EXCEPTION : Location is null for binding urn:oasis:names:tc:SAML:2.0:bindings:HTTP-POST at http://connectorasIdpurl #11# [9iROuURI4+YJ7wHgymC9zXP3vqdYAkxfuqgpNO9W110=]
2018-09-26; 11:02:09.832 [main] INFO  eu.eidas.auth.engine.metadata.EidasMetadata  - - -BUSINESS EXCEPTION  eIDAS Protocol Version Attribute is empty #12# [MHYTb2PiZ1soTX17dXoT6CgvMaWMQ2olWbL1Z0U00Io=]
2018-09-26; 11:02:09.833 [main] INFO  eu.eidas.auth.engine.metadata.EidasMetadata  - - -BUSINESS EXCEPTION  eIDAS Application Identifier Attribute is empty #13# [qek7KTyiteC32+MKYzqRRETJqMyfRAGymSFPr/q6yCo=]
2018-09-26; 11:02:09.943 [main] INFO  eu.eidas.auth.engine.metadata.impl.FileMetadataLoader  - - -Loading entity descriptors from file /home/aldo/workspace/eIDAS-node-eID4U/EIDAS-Node/target/test/EntityDescriptors1/test.xml #14# [kEaloS0yqFDepLnbzU2IMxbSkhkkWrrktKvkKwEiX/I=]
2018-09-26; 11:02:09.959 [main] INFO  eu.eidas.auth.engine.metadata.impl.FileMetadataLoader  - - -Added entity descriptor for http://connectorasIdpurl #15# [fCrP4TpVtbwimRBnIK5NCjOSc5Ri0jwNhwtjI2xvZcc=]
2018-09-26; 11:02:09.966 [main] ERROR eu.eidas.node.utils.EidasNodeMetadataGenerator  - - -BUSINESS EXCEPTION : Missing property ${ssos.serviceMetadataGeneratorIDP.redirect.location} for binding urn:oasis:names:tc:SAML:2.0:bindings:HTTP-Redirect at http://connectorasIdpurl #16# [6gYtziNyp/3qvCt53ILYvfqdv/EOh0JwuFa2RO/sa34=]
2018-09-26; 11:02:09.967 [main] ERROR eu.eidas.node.utils.EidasNodeMetadataGenerator  - - -BUSINESS EXCEPTION : Location is null for binding urn:oasis:names:tc:SAML:2.0:bindings:HTTP-Redirect at http://connectorasIdpurl #17# [RxVba+r/JxZZs38UAjJdGjUepRmTR+Isn+8o+IMX1/U=]
2018-09-26; 11:02:09.967 [main] ERROR eu.eidas.node.utils.EidasNodeMetadataGenerator  - - -BUSINESS EXCEPTION : Missing property ${ssos.serviceMetadataGeneratorIDP.redirect.location} for binding urn:oasis:names:tc:SAML:2.0:bindings:HTTP-POST at http://connectorasIdpurl #18# [TK+EGBOdTqog2A+o7ERBJ4M3y6rDCN6I2TD2H1Zs0e0=]
2018-09-26; 11:02:09.971 [main] INFO  eu.eidas.auth.engine.metadata.EidasMetadata  - - -BUSINESS EXCEPTION  eIDAS Protocol Version Attribute is empty #19# [RK/zs4+cVmvfBLOob9gWIgV+yrq0gTqi+Rv+YfwWbKE=]
2018-09-26; 11:02:09.971 [main] INFO  eu.eidas.auth.engine.metadata.EidasMetadata  - - -BUSINESS EXCEPTION  eIDAS Application Identifier Attribute is empty #20# [Qm+hIBEPS0yAsObhC7XQ0PG1O6tDoyZnNK9llFzVbFw=]
2018-09-26; 11:02:09.998 [main] INFO  eu.eidas.auth.engine.metadata.EidasMetadata  - - -BUSINESS EXCEPTION  eIDAS Protocol Version Attribute is empty #21# [Vre0Yvpx0caVVvhRVDi/K8v3T79s3KDV+apqUCGocRs=]
2018-09-26; 11:02:09.998 [main] INFO  eu.eidas.auth.engine.metadata.EidasMetadata  - - -BUSINESS EXCEPTION  eIDAS Application Identifier Attribute is empty #22# [1obOzuhOE82brNStrTtlOjtUt+fRyYaxu/qd+0YtDng=]
2018-09-26; 11:02:10.025 [main] INFO  eu.eidas.auth.engine.metadata.impl.FileMetadataLoader  - - -Loading entity descriptors from file /home/aldo/workspace/eIDAS-node-eID4U/EIDAS-Node/target/test/EntityDescriptors1/test1.xml #23# [HKEgUcZdHkjfZQdXmU2QpUixwS+Ce6SkQds1ukfNViM=]
2018-09-26; 11:02:10.028 [main] INFO  eu.eidas.auth.engine.metadata.impl.FileMetadataLoader  - - -Added entity descriptor for http://peps:8888/PEPS/SPEPSMetadata #24# [EyIjc1RE4vU3Nvdrm1v2SgIzwlW40Nb9CrF+8pAvUIs=]
2018-09-26; 11:02:10.029 [main] INFO  eu.eidas.auth.engine.metadata.impl.FileMetadataLoader  - - -Loading entity descriptors from file /home/aldo/workspace/eIDAS-node-eID4U/EIDAS-Node/target/test/EntityDescriptors1/test2.xml #25# [nCu1jlYWGO8OkPbdszTEQC/4p6b9PUMEnwdnsiBJ8K4=]
2018-09-26; 11:02:10.034 [main] INFO  eu.eidas.auth.engine.metadata.impl.FileMetadataLoader  - - -Added entity descriptor for eumiddleware #26# [HHgCF1429GmlBeN6W8XKdWyzbFTX6kE0/JjgczHO+T8=]
2018-09-26; 11:02:10.034 [main] INFO  eu.eidas.auth.engine.metadata.impl.FileMetadataLoader  - - -Loading entity descriptors from file /home/aldo/workspace/eIDAS-node-eID4U/EIDAS-Node/target/test/EntityDescriptors2/test1.xml #27# [M5gjt6hLv1f8I0WvplPNFsF5ZpFuBb0BVNe7W1iYHxg=]
2018-09-26; 11:02:10.036 [main] INFO  eu.eidas.auth.engine.metadata.impl.FileMetadataLoader  - - -Added entity descriptor for http://peps:8888/PEPS/SPEPSMetadata #28# [EPppYwpxKcDp/X/vWQACsGo5X2F+AV3xhC15o+YnUGQ=]
2018-09-26; 11:02:10.036 [main] INFO  eu.eidas.auth.engine.metadata.impl.FileMetadataLoader  - - -Loading entity descriptors from file /home/aldo/workspace/eIDAS-node-eID4U/EIDAS-Node/target/test/EntityDescriptors2/test2.xml #29# [ft6ZMcwpLmcaaHGttBzuMZJ1S1eOSm3uWjj0/HTp+eA=]
2018-09-26; 11:02:10.037 [main] INFO  eu.eidas.auth.engine.metadata.impl.FileMetadataLoader  - - -Added entity descriptor for eumiddleware #30# [+lvGabJwRDchWtKC5+DcSBSxns2yWpdU3r3s1rP0PyQ=]
2018-09-26; 11:02:13.038 [main] INFO  eu.eidas.auth.engine.metadata.impl.FileMetadataLoader  - - -Loading entity descriptors from file /home/aldo/workspace/eIDAS-node-eID4U/EIDAS-Node/target/test/EntityDescriptors2/test1.xml #31# [MhLdaLNlA517a+BU7d9dZrk+IIvmdcPloXs/rTDwBpo=]
2018-09-26; 11:02:13.042 [main] INFO  eu.eidas.auth.engine.metadata.impl.FileMetadataLoader  - - -Added entity descriptor for http://peps:8888/PEPS/SPEPSMetadata #32# [vbTGDvNpVcIxKcac8c4hE9eNOR9UFKVFz51wkfBwmgc=]
2018-09-26; 11:02:13.042 [main] INFO  eu.eidas.auth.engine.metadata.impl.FileMetadataLoader  - - -Loading entity descriptors from file /home/aldo/workspace/eIDAS-node-eID4U/EIDAS-Node/target/test/EntityDescriptors2/test.xml #33# [MhjrWTBJ28+7jD6Jxux2HG3gR/WOmk9jK2Ipcgkofx4=]
2018-09-26; 11:02:13.044 [main] INFO  eu.eidas.auth.engine.metadata.impl.FileMetadataLoader  - - -Added entity descriptor for http://peps1:8888/PEPS/SPEPSMetadata #34# [hFzIYMAsR7EO2AAvwcnsPweh+GBfXACr8q/Xn2Xz07o=]
2018-09-26; 11:02:13.044 [main] INFO  eu.eidas.auth.engine.metadata.impl.FileMetadataLoader  - - -Loading entity descriptors from file /home/aldo/workspace/eIDAS-node-eID4U/EIDAS-Node/target/test/EntityDescriptors2/test2.xml #35# [PGC8jAxPyK/0ekSEdeG2mqE6O178aY1p5uqYF9Witak=]
2018-09-26; 11:02:13.045 [main] INFO  eu.eidas.auth.engine.metadata.impl.FileMetadataLoader  - - -Added entity descriptor for eumiddleware #36# [oQFUg+wCLEXj/NpdHo7GBUZe6U42M3zGgXcI9qmqzlE=]
2018-09-26; 11:02:13.046 [main] INFO  eu.eidas.auth.engine.metadata.impl.FileMetadataLoader  - - -Loading entity descriptors from file /home/aldo/workspace/eIDAS-node-eID4U/EIDAS-Node/target/test/EntityDescriptors3/test1.xml #37# [fET4J5jPw4vSOjvJULHL4KCAYExORtlsV3ZqDuSw9UI=]
2018-09-26; 11:02:13.048 [main] INFO  eu.eidas.auth.engine.metadata.impl.FileMetadataLoader  - - -Added entity descriptor for http://eidasnode:8889/EidasNode/ConnectorMetadata #38# [d5HlB95SV8c8lKMgOuLjaGbE48yToJn9HnU4jX8C+EY=]
2018-09-26; 11:02:13.049 [main] INFO  eu.eidas.auth.engine.metadata.impl.FileMetadataLoader  - - -Loading entity descriptors from file /home/aldo/workspace/eIDAS-node-eID4U/EIDAS-Node/target/test/EntityDescriptors3/test2.xml #39# [MMZXBngfIdt6+NwOikHCD8NOV6qSIKbT823fPrC4zR4=]
2018-09-26; 11:02:13.051 [main] INFO  eu.eidas.auth.engine.metadata.impl.FileMetadataLoader  - - -Added entity descriptor for http://eidasnode:8889/EidasNode/ServiceMetadata33 #40# [1mO2FPZGpOTUcvI7Dx7DDU5qWkXAlHyUbk3BOy13OyY=]
2018-09-26; 11:02:13.052 [main] INFO  eu.eidas.auth.engine.ProtocolEngineFactory SAML_EXCHANGE - - -creating new ProtocolEngine instance: METADATA  #41# [dvOHIV9TiDdfZBT1bfzvKtSE2jIl4Lg0wWdTr3+I/SI=]
2018-09-26; 11:02:13.053 [main] INFO  eu.eidas.auth.engine.ProtocolEngineFactory SAML_EXCHANGE - - -created instance: eu.eidas.auth.engine.ProtocolEngine@5399f6c5  #42# [IoTvUyYDVKwC5+aBZP1lvCO6UQ6Z75LAM9GtvOM5a+A=]
2018-09-26; 11:02:13.080 [main] INFO  eu.eidas.auth.engine.metadata.impl.FileMetadataLoader  - - -Loading entity descriptors from file /home/aldo/workspace/eIDAS-node-eID4U/EIDAS-Node/target/test/EntityDescriptors4/test1_not_Well_Formed_XML.xml #43# [XJCTZLZ37SdLSslvWoThqqq3tiWgN48wmzOKp2iKA5A=]
2018-09-26; 11:02:13.085 [main] ERROR eu.eidas.auth.commons.xml.opensaml.OpenSamlHelper  - - -Unmarshall: parsing exception for <?xml version="1.0" encoding="UTF-8"?> #44# [fi2WelE4APig2F+KN6hWW4khnoZFzM+GdC4fW1P1xGc=]
md:EntityDescriptor xmlns:md="urn:oasis:names:tc:SAML:2.0:metadata" entityID="http://eidasnode:8889/EidasNode/ConnectorMetadata11" validUntil="2018-06-10T11:16:51.591Z"> #45# [M147dhXPSQGHtsPmHHjcnSBP+Dq35BsLV50ntFpYxm0=]
	 #46# [K3Iwb9VuZSLwQ9eyRv6YmApU9XHNa4ZW56CGwxlr9XU=]
	<saml2p:Extensions xmlns:saml2p="urn:oasis:names:tc:SAML:2.0:protocol"> #47# [u1yG1NaahO0KpOLJG3f7tJkh1yWDXEUlbWTz+WwFits=]
		<eidas:SPType xmlns:eidas="http://eidas.europa.eu/saml-extensions">public</eidas:SPType> #48# [zDz9TUC9aTDZCrIYBWXUqsl44Sw7QNkQ7g9jDra9LKk=]
		<alg:DigestMethod xmlns:alg="urn:oasis:names:tc:SAML:metadata:algsupport" Algorithm="http://www.w3.org/2001/04/xmlenc#sha512"/> #49# [nmScrruRnqtlPdx2gRtiiKrbl865D0QpISyjIsoJEg0=]
		<alg:DigestMethod xmlns:alg="urn:oasis:names:tc:SAML:metadata:algsupport" Algorithm="http://www.w3.org/2001/04/xmldsig-more#sha384"/> #50# [3FRI7Lk2JMfsJldYYyfqhrJJE3N3NYY6uhceK9XaIuI=]
		<alg:DigestMethod xmlns:alg="urn:oasis:names:tc:SAML:metadata:algsupport" Algorithm="http://www.w3.org/2001/04/xmlenc#sha256"/> #51# [rCs5B7gJ2YA+FtQauSIsx7KsDWhWr7iskb+QL+78qMQ=]
		<alg:SigningMethod xmlns:alg="urn:oasis:names:tc:SAML:metadata:algsupport" Algorithm="http://www.w3.org/2001/04/xmldsig-more#rsa-ripemd160"/> #52# [Dw0UMZKugBNSN6OPNxtfQXE38ECwmAi4NcUdUnEsSW8=]
		<alg:SigningMethod xmlns:alg="urn:oasis:names:tc:SAML:metadata:algsupport" Algorithm="http://www.w3.org/2001/04/xmldsig-more#rsa-sha384"/> #53# [yjDJU74XB7ORQHqs1KMALfvfhdqHLkwT26t8O9u1zLY=]
		<alg:SigningMethod xmlns:alg="urn:oasis:names:tc:SAML:metadata:algsupport" Algorithm="http://www.w3.org/2001/04/xmldsig-more#rsa-sha512"/> #54# [/I7lG4bnggM0JivXPc0Ikrd254/ulePgBqBSLqR8lFg=]
		<alg:SigningMethod xmlns:alg="urn:oasis:names:tc:SAML:metadata:algsupport" Algorithm="http://www.w3.org/2001/04/xmldsig-more#ecdsa-sha256"/> #55# [lnIHda/nrsdl/lLPkBby8loOVPQhXqu7pOYn46VrbdE=]
		<alg:SigningMethod xmlns:alg="urn:oasis:names:tc:SAML:metadata:algsupport" Algorithm="http://www.w3.org/2001/04/xmldsig-more#ecdsa-sha512"/> #56# [ka9Kadg4gL2NcLTwGLYAikKSVoAHnqTKbjiJnMVDXo8=]
		<alg:SigningMethod xmlns:alg="urn:oasis:names:tc:SAML:metadata:algsupport" Algorithm="http://www.w3.org/2001/04/xmldsig-more#rsa-sha256"/> #57# [mtiJJ6lIAlSNZb2w2zsp5DNWqwdWk6/JRN3Sa0Lt+dY=]
		<alg:SigningMethod xmlns:alg="urn:oasis:names:tc:SAML:metadata:algsupport" Algorithm="http://www.w3.org/2001/04/xmldsig-more#ecdsa-sha384"/> #58# [bxjGaly6alEwaFBAqyj461YJKm3nBm74G/w0QBW0iOU=]
	</saml2p:Extensions> #59# [OuVtXxC8V2yGMCNQkUSTbVpid5TzVfldNIBsfrYvO90=]
	<md:SPSSODescriptor AuthnRequestsSigned="true" ID="http://eidasnode:8888/EidasNode/ConnectorMetadata" WantAssertionsSigned="false" protocolSupportEnumeration="urn:oasis:names:tc:SAML:2.0:protocol" xmlns:md="urn:oasis:names:tc:SAML:2.0:metadata"> #60# [0OFzsPfabQ8J5lYGYg5Rk0BauCz4yvFUrWZFpAuehug=]
		<md:KeyDescriptor use="signing"> #61# [7zCvDJtb+VBX+cpBDLaHDGCX1FDb9iBteNapQG6Scz0=]
			<ds:KeyInfo xmlns:ds="http://www.w3.org/2000/09/xmldsig#"> #62# [zHa4cgnsynzuxCMgRY5v/N0+X3rn4rgaS6OrRGvMpFo=]
				<ds:X509Data> #63# [+P0GIPhHIdKD+Kdqk5lyL0v49tmCv8KBZJuidK3mNLI=]
					<ds:X509Certificate>MIIFTTCCAzUCBFTI/MUwDQYJKoZIhvcNAQENBQAwazELMAkGA1UEBhMCQ0IxCzAJBgNVBAgMAkVV #64# [WjdCev1XDhfq+EmZKKigDIJYV1b+u6pre75ucVsEsqY=]
MQswCQYDVQQHDAJFVTEOMAwGA1UECgwFU1BFUFMxDjAMBgNVBAsMBVNUT1JLMSIwIAYDVQQDDBlz #65# [f2wmFLrfjYpynktyrRvGtH7DVrPdft3cgPtWZj86NeA=]
cGVwcy1jYi1kZW1vLWNlcnRpZmljYXRlMB4XDTE1MDEyODE1MTQxM1oXDTE2MDEyODE1MTQxM1ow #66# [s6W2nVnvWl78t+5Qprx6DhUWnqyTJKtCOezRhbi/2is=]
azELMAkGA1UEBhMCQ0IxCzAJBgNVBAgMAkVVMQswCQYDVQQHDAJFVTEOMAwGA1UECgwFU1BFUFMx #67# [nmNPISzDyOsNkDLksdKwIBW+Vux7BYGUpqnMtPxE0XI=]
DjAMBgNVBAsMBVNUT1JLMSIwIAYDVQQDDBlzcGVwcy1jYi1kZW1vLWNlcnRpZmljYXRlMIICIjAN #68# [e0ZcMCBylO91xekk2fUP8MVJLo0NvByj6L7wVsO+mDo=]
BgkqhkiG9w0BAQEFAAOCAg8AMIICCgKCAgEAjdNPR0R0vXpzXnwglsy9hmpmoub/PhUkGEKBMGOe #69# [1ow2q+FkqQIzIhk1sXPXmlbjElU3hd0f6Qg/BY/JY8A=]
oXBKGdQBWeYly3MHgKkbmgIAcqeIdwjN7oOB/sv7E3Wk6PvI1HetwArlAfsrL7wT9CUPeiG5k3i4 #70# [IwLg5yr67FrrKUmnEZ4R7geZ2B1TZ9Gmr3mS4dMtdsg=]
F8ubQuKX/O1qckgwElpl8FBvT7/yGSucNEJYqDHh8/z+oXHWHZdkUZD7IylGeLbN3DCs1F1gYawP #71# [rLxZxJRcoZ/3j3xakueDXAGz0EwdbP2ip3UFMGVj4uc=]
1c87K2B7psfXslNysEg/Xe5LoEYdJHx7BnuBhVJPhDSuwL5vJBzY5NUd1RVaVmx8hlrVFCZp9s92 #72# [0I0inr0GtoOQJVCUAtRxZx/pCvFeTXE0rRXHzqe5H/w=]
03z2YlaEWLX/rheI0ZNH3UYqxDeYAaVceVX7takVq1aR1CsdIVCXjQFXyg4euwWlZPWRa1ktkDa2 #73# [TAE4V0/KTvAwXyoTycfuQ5Hgi+Bf+e0ldDtSIcy0OcA=]
V/tRkyBuCJLhNIBNOR+AqpcSPQnZPVIEYSA2leKQufNh8OO6lHHGNymfH7qGO+bmO+6tDRt0OPhf #74# [RbOgm7GxBiQxLddoIjWgdmLzAxVrVRIcR2svxr00oPo=]
JYKxjXWldpNWLcqzaASgYs2Q5IP5+vC/d4b/DjgR1dSPiUCJeg3HcVOlN6aA5x+i++MwqdQxUt8t #75# [wKMv1ItLK1ZdE3lcX3MjW7W9GvpfuZX32KtgtaZS4x8=]
Z9DF+miZbrsCa3b+JuggDK78bQPoUb41MimmK234VL9yf1U3Jmv49MJGHdKsZQNaIkLwvOkjMfgN #76# [fzMzCg2jGFfGs/doANVTEuo5G3W/c3uA8lq/02X0BhA=]
Pu3EKt4cYq+rWTC2/rel5+9h7A4iXIqkeJn+sCsXSliZFzQ1zG7fxBhBntZQhmYWkwRpedSFQU2k #77# [Qdq2AtbLyTDZfh2b6zy74cc87/Z31RZOOfhqqtbTQ/Q=]
ZN30ssU4XqdmPhNxAAq1i2VbEqxwFmjFgIMCAwEAATANBgkqhkiG9w0BAQ0FAAOCAgEAQ6LASOsR #78# [TylF6YjJlL6aVOontxl1spuf5gV8mVD91a6i62zEg98=]
xjny7oTzxqcVqcxa+JBpDnprixohyLzzyEC1Arl/DM0hajse96u9TfUaexjP6c8SBXnfKH4Hpn0P #79# [P41CWI3dq24DpRT8W46QziXkNiLfQzFYTQAOr0H1DfY=]
mbs4deUZukjAhONa6VGIElcovmasqwuT7kN8LfpuCHLbPS1QgPbVQT6RxcY2n7UfLur8jmDwiSnz #80# [gum+JVybXcWMcWQxz52yfjaEDUi3odaciglFbWbs860=]
rnD9IAra1SArFB5E09MycfCJLK+WPGsqHg3miscd06bR6JNQgeg97POhJqkn3itNLeCMwil9jpNY #81# [TZ4wJbCHtAdfk/1Fc2jOkPIEzw42lpVRNfHXFAZlW6Q=]
rrzU1ZyGzfjPzMbET2jeq3dnU3hwRa9lLDSk5qrSQppV6lldbFnymxTel8bGC6Rx6iYCARgt+AS5 #82# [do2NVmLJcDfspk8SjlmI8rX1UDY/FnW+o10TKW5/xLc=]
HQNC4k6adRzO6XjNf6mr3S6Dwp5Ozmcc/QWkRZ/gp7S8ImCyd+iw1CYRok77axuvI6FIzycz11zs #83# [zjWDR10pI/l0UYhRGpmhbRs7sR+adqV3X1+uwgXzDLg=]
5TVkYdDOZRAasNrAU2vVH9Q0gAMNpeciv/uASjW5/sAni5r2dfTy1g9JOlNh8NMOVEanjju6THXK #84# [mUWNmsHu1BI4uA8o87jsfMxKH/kH5FCVLylFL77rHqk=]
s1ZksqQV7t+THgCqsQSK4cPL0EW4+Sp8lAb8/zzIhltYo5jJLWvc14ECF5i/HgAuW7ggnqphCIpm #85# [sCNkVwe60qyaaNP4amgr2LLvvWUStCIaYQKMAC3btDY=]
dYMUkfF9TwOMfWN31ur2R0EKrYU1Xj8hTor+YpuWC5EcwLwcPuDynY/CzmoKhPSaZtfkiHbhV1D8 #86# [kSovYIepEqeg5/Xv6AvIaJfgIw5bwJpfpv0yvwrcIvA=]
71UW7jyUMs0yTE0r/y4cSgnK78Cm51MFIohD9Jwo8HHT/1SNh+3IXWbR7H2n74nFZO4=</ds:X509Certificate> #87# [lLcucWYKw6i2Q1J4/OhaNrlr5NTUvy+Lhl0nDdl8RMw=]
				</ds:X509Data> #88# [pMx/72zjS609wDZBUOZUmEgEHxJeEfcg+7l1oq3WXWU=]
			</ds:KeyInfo> #89# [Jq7YB3DzFjn+KXhVo9ra3K7pW5rW2T/4Ol8+Bhifg1s=]
		</md:KeyDescriptor> #90# [DDFOxwCFKhYs2ngvWgYxe6f3NM8yJTjbg0kOzH7ZCpY=]
		<md:KeyDescriptor use="encryption"> #91# [4VCOyg4+/o++sVxuNKF9zu/hT640fJebX5ZtvHrJ2VA=]
			<ds:KeyInfo xmlns:ds="http://www.w3.org/2000/09/xmldsig#"> #92# [KE5AwXcx9bjX7gguqgg3HfnyeEJoLXnpI8vEueNJYwc=]
				<ds:X509Data> #93# [eB7dKg2x68xmpfvIQel1TjbXxovTwFq8L7KiH7Gj5IY=]
					<ds:X509Certificate>MIIFaTCCA1ECBFTI93kwDQYJKoZIhvcNAQENBQAweTELMAkGA1UEBhMCQkUxEDAOBgNVBAgMB0Jl #94# [oTqOrJuNpqBe4q045wzIR51FMLKT8DOtpwYH4C+oSQw=]
bGdpdW0xETAPBgNVBAcMCEJydXNzZWxzMRswGQYDVQQKDBJFdXJvcGVhbiBDb21pc3Npb24xDjAM #95# [e0cPjJkT6/0eRLY+Z46qd0oV9apS7i6GN4DSXhFHAM8=]
BgNVBAsMBURJR0lUMRgwFgYDVQQDDA9sb2NhbC1kZW1vLWNlcnQwHhcNMTUwMTI4MTQ1MTM3WhcN #96# [YLU8GeQy4ous5DpMLZNAKahcblitVR/1Kb3e1BHq4Yg=]
MTYwMTI4MTQ1MTM3WjB5MQswCQYDVQQGEwJCRTEQMA4GA1UECAwHQmVsZ2l1bTERMA8GA1UEBwwI #97# [lYTHDt5yKsPVz5XZ/lCy7Kw96JDm17MYrhrCvyp5VCA=]
QnJ1c3NlbHMxGzAZBgNVBAoMEkV1cm9wZWFuIENvbWlzc2lvbjEOMAwGA1UECwwFRElHSVQxGDAW #98# [bMO2CubyLz7EPD28asZl9CY6coJ3Ci3qHIqk11n1TFs=]
BgNVBAMMD2xvY2FsLWRlbW8tY2VydDCCAiIwDQYJKoZIhvcNAQEBBQADggIPADCCAgoCggIBAL+k #99# [eg+1pQ92tWzjVFSA9jZAViFatlwnwuGYDuGPR+wWuyw=]
lNfZpYnB3yglgEvVyFPrJBbM65ny5m5rR4wJU2S+B93wJ0+n1jBPEeizENf9C5ArgKdZYHwWETFL #100# [CtWmeTeZh8j/8DTL7c2LHFDEuEFWzIbX3k0DCC2MDdI=]
FMfDc9hz9DMuQ2Rh3xDNmqiMKju2JIzKQ4sBExEGBUfffN7CD5z7SbHc3PW9+KMv8xf2rwYPlYtX #101# [F0jNBrEO9KkIoObBHo7qDUgEOYLX50dlgCgsR6gf4CU=]
Z9pKh5yliyH5W7lF28UOPzW73bmfdR8y17wChonBrpadc2lxLAUcVEZDFmvUfJUu/oWwNZcAqiPp #102# [V4zHhGhu5Gu9ZO6HGjCnSMjgRLLOhodF6kJYnTrDKQE=]
ZgnnlYEnICmvxB5Ou91MhJjQVkTCyu5WHYlyiq54QIFNv0tYdyUWXK+dXusvOa/1mlnq50/DJpai #103# [ZHCPTNVfn+7OTxE9bQiZbu/d9D7P7Q6QptAzPX5cglw=]
IRCWnQ1oKFI7hpN+4fcMPwwdmJuTx7uRFIO4B/Uss4nnE8zusAQSYZVYE3ykI3x3jXTqkTpOFsh7 #104# [1boxAkgI7dfENC0ITtoz9ZRnS2fUQuij1NlqrClNn1s=]
a/+VfUbYHZo+tKQghWk/wgciDixfLwuLh2+zD/dBUfvEQ2vaagymD94mM+6dmkDhhEejxuCOnwUR #105# [S9JBGaoPThX0g7TVw2zBQLsZcM9QsjJ+CP7zgrKW2Hg=]
pBWyMuQYAJwHIgdVL7OfD3p+0hJFnJ51zo8agsuHlmE5JTwdn2L+DC9LVcnVgug7AQVuYPl11FJl #106# [Lu8F7qDO94YZ3q4/PhMfgYxCElJI7lCsV0lTUpkJxG4=]
4hUN/0FjOZywsb+/JArjJL5E8JvyljpbNpw+iK9Xeh3LIMndJapHNRVVJ84VyyPYJp2qFF+Zg+N0 #107# [kpRTfTXYdAJlxIVAUMSuJ53JN1fubMsv1B9P955e2ow=]
c0lcqlN9nm/53YF9n6tJYsCSnjiPnprStNT//zYirB38sVDh14PALXyzLvou9J1yclG+osiHAgMB #108# [sQ/AG9YR7CBX3AlukJC/DpKHM6jzqS2JMBJWQO1LxWo=]
AAEwDQYJKoZIhvcNAQENBQADggIBAD2TtZNdtstXp3D8xuUmGSn8i9bddO3XfEmGwrdjppuaHi9B #109# [6z0ZB39f+k3I/nWAJC1Dnn11v65XqoVwVTBUBIg/0CA=]
klC2GFfnhbRHtW0iv8z7Sy9gp2t5xciECPHizkW2U5axB+mTnJ89hgP6skBTugopwSGvs+t4kUfD #110# [mNIrPEQlT2LoICVdeKC48ex8Ax6dGDP3GupSZwyaN3o=]
iwyX4+FohImsHZuG3ncRpdum1ikX7qLShfyUuvKKRi1YC1dKD/VcvZT07yLsvuD+hZQq2qgV+7DO #111# [sDbMdMsJS2SNhiNM52EHK3uknOdP0EMwYIgPDsqiL5A=]
i16FGWkXUnNhY7GgfUQyf5LdQ17Q7J902AkthJNLUt+7I1boRO3W5LsMY7r/KgM7idGpUL7x+JUj #112# [FjKd4rnevQu5wbKxsvQayguq8lkDi8eOJkjhWApyjmg=]
yLPdwZadnEYlAjJDK93O2/jq7RGUF7KVVNIakX/dUGjM+aWfTULw0sj6/tvt6Dml+8bnM+OLXcMQ #113# [FyFf3eeZX4+NlJS6D5utTKBMM5/SvpB3UOV1TO9sjbI=]
Z7RIXldzqSDmvpvgz/gWq58q0faHfxVKshAE3Fap5/Y62omjtxWXZsQ5S1KkQ++n5H5GhEKLKgsW #114# [AXWbxIgAzPmH5aA4fXIY8+io9OQNAaKQNpA122ePVsA=]
TRg06kPDIuAFs04c7aNI+1HmxnMfbirEIeXhLnZPkP3WcycS/kju3yZKyQYZkyqYVIT37Jmc/cfh #115# [bEEQ9Dr/KufSRp/FTVoGh4yH4wh+vZa2R2IADyXIifM=]
nPwHbZAI3TbyrmCNTTVRWsUYuSKdnOcnj2AHK6PtxSlyp8g7YDznc9VESZ1IrjwlYNF6+qvSrbrx #116# [8IXCrhfwj38iXJjBg1bEZXjpcAHKDhRmPznZLGjcGog=]
JcscgZ7cC4JRlIBvIOsWJxp9AdRQcRgwBjx8TDEqGPOLvKQEGZpXLnU9gyc2NmDM2M9VrRDT373/ #117# [pygaUJSzsHnP8jA3rRAC2KLj3RpuS9ATcPt0hU79X7U=]
kfNJgpukE2TdB1zmBTL53UjhpG/P</ds:X509Certificate> #118# [2OL74/tHG8x4AVzL77AK7lBUk86jEecM9+GMU3wP9vU=]
				</ds:X509Data> #119# [9KV6dlPRbQwXlQfw+gEbkdUKDEQM2U28jm0njsFYsy0=]
			</ds:KeyInfo> #120# [CSJsp06b40mSAZIWtzgjBiS09gvAMswI+ZAyRxNPhNY=]
			<md:EncryptionMethod Algorithm="http://www.w3.org/2009/xmlenc11#aes192-gcm"/> #121# [0qDzGb+sG2vsYzlMNqTOYz0VwwoUMPJd/2CaRprELso=]
			<md:EncryptionMethod Algorithm="http://www.w3.org/2009/xmlenc11#aes128-gcm"/> #122# [HwQImzg38h+lbsxapvv+RNnlaqXQQ6qkbYyTapi+ENU=]
			<md:EncryptionMethod Algorithm="http://www.w3.org/2009/xmlenc11#aes256-gcm"/> #123# [pUU2LoX98zrmg4ujNHXbkvtUJrWZ7/gCEzsbsYzF1Yg=]
		</md:KeyDescriptor> #124# [nlX1cQOX4qOKTs42Zmysgr/D3Q/cvBOjaoZHMVSO8Uo=]
		<md:NameIDFormat>urn:oasis:names:tc:SAML:2.0:nameid-format:persistent</md:NameIDFormat> #125# [6abox8gGJKRPA7EEVSCRczwm2lDtMMwzUx/gNYxRUK8=]
		<md:NameIDFormat>urn:oasis:names:tc:SAML:2.0:nameid-format:transient</md:NameIDFormat> #126# [tOOjopoQibVHUYVfWxjAgHc5SRH/BFZYqwRFyOjsxMw=]
		<md:NameIDFormat>urn:oasis:names:tc:SAML:1.1:nameid-format:unspecified</md:NameIDFormat> #127# [RNjdgMjloxhSHhqDDAfUCjnLoksWF390J8e5Ypqm1EA=]
		<md:AssertionConsumerService Binding="urn:oasis:names:tc:SAML:2.0:bindings:HTTP-POST" Location="http://eidasnode:8888/EidasNode/ColleagueResponse" index="0" isDefault="true"/> #128# [Qagwj5T6ds2FFpHRwsFWmroFGITq7nHa5KXH7jpXHc0=]
		<md:AssertionConsumerService Binding="urn:oasis:names:tc:SAML:2.0:bindings:HTTP-Redirect" Location="http://eidasnode:8888/EidasNode/ColleagueResponse" index="1"/> #129# [+KXAti6HtxVWb9R/s4mC6/QURIHXpKpMnFkEWnes8Uw=]
	</md:SPSSODescriptor> #130# [kjWNhw5k8I/f+JJrnL4Cg6ojlFeUITFyn+ahuHZa7Lk=]
	<md:Organization> #131# [ddblNKMsIBo8y3FKRiZq8L4ycGUH8lzmgfgsM2oKx40=]
		<md:OrganizationDisplayName xml:lang="en">CA</md:OrganizationDisplayName> #132# [SjOthSnNg0broKoAXWFgZNxubUMTRv1PhW1afG6FX1o=]
		<md:OrganizationURL xml:lang="en">http://eidasnode:8888/EidasNode/</md:OrganizationURL> #133# [Iz8utLRiW2UsHxZYQvx3Zxw+ymZdHcslq1X80dC6+YU=]
	</md:Organization> #134# [z2gT2s0UQ9eX1cZMkdQM5d5HX/YPExa368XxKiHPbhM=]
	<md:ContactPerson contactType="support"/> #135# [ue9dG81HQNMwQRlN6gVrNQfrcDISspfo9zrCZHk4Lc4=]
	<md:ContactPerson contactType="technical"/> #136# [gd9bDzmMcZMYvnM7jAy08M+UWYkEcx+Ha4B61kaysEM=]
</md:EntityDescriptor>: org.xml.sax.SAXParseException; lineNumber: 2; columnNumber: 1; Content is not allowed in prolog. #137# [lXwwdzH3qQI1EvjsUTGKUTaoHtvqBnSU6aYcp23BuIw=]
org.xml.sax.SAXParseException: Content is not allowed in prolog. #138# [OYSdRtnrF3y8/P69G4ubzRNpP65AttE3d9fkqMyt4mY=]
	at org.apache.xerces.parsers.DOMParser.parse(Unknown Source) ~[xercesImpl-2.11.0.jar:na] #139# [4FeEst8tH6Bordb6iupgzttnMG2sAGaRG4m+5CYir2c=]
	at org.apache.xerces.jaxp.DocumentBuilderImpl.parse(Unknown Source) ~[xercesImpl-2.11.0.jar:na] #140# [EygFVNfhhmRNZnMDaUhxBjxikKv8KGEvSL0L7TfyCxw=]
	at javax.xml.parsers.DocumentBuilder.parse(DocumentBuilder.java:121) ~[na:1.8.0_181] #141# [0FHGGssd/iX+4rG5cFmGNHIfNNXTY+yBpA8nlSG2CtY=]
	at eu.eidas.auth.commons.xml.DocumentBuilderFactoryUtil.parse(DocumentBuilderFactoryUtil.java:229) ~[eidas-commons-1.4.3.jar:na] #142# [O5oagpVpKh8X5zDCQtsWjN9p5uPeIg+U2kMRemN9Ry8=]
	at eu.eidas.auth.commons.xml.DocumentBuilderFactoryUtil.parse(DocumentBuilderFactoryUtil.java:244) ~[eidas-commons-1.4.3.jar:na] #143# [M3FKjQeB+4cGtghWnoNyk6coswpYlvOCvjnbKOI1SNs=]
	at eu.eidas.auth.commons.xml.opensaml.OpenSamlHelper.unmarshall(OpenSamlHelper.java:181) ~[eidas-encryption-1.4.3.jar:na] #144# [8HlR65ibMbjXdrIkNFnQhKTBjAKk2kx6f8zz0W7lvac=]
	at eu.eidas.auth.engine.metadata.MetadataUtil.deserializeEntityDescriptor(MetadataUtil.java:230) [eidas-saml-engine-1.4.3.jar:na] #145# [83ZDTVO3PvvJuY2aPUgKhJWKfkqTw//FiyNLYI0vIaE=]
	at eu.eidas.auth.engine.metadata.impl.FileMetadataLoader.loadDescriptors(FileMetadataLoader.java:91) [eidas-saml-engine-1.4.3.jar:na] #146# [mTtpgPnG/HiIXTt533OkAcFjil/a9rOs52Q6v2hAjms=]
	at eu.eidas.auth.engine.metadata.impl.FileMetadataLoader.getEntityDescriptors(FileMetadataLoader.java:51) [eidas-saml-engine-1.4.